Arguments: 
  C:\Program Files\nodejs\node.exe C:\Users\JuneLy\AppData\Roaming\npm\node_modules\yarn\bin\yarn.js add umijs -g

PATH: 
  C:\Program Files\AdoptOpenJDK\jdk-11.0.9.101-hotspot\bin;E:\Xshell 6\;E:\xshell\;C:\Program Files (x86)\Common Files\Oracle\Java\javapath;C:\WINDOWS\system32;C:\WINDOWS;C:\WINDOWS\System32\Wbem;C:\WINDOWS\System32\WindowsPowerShell\v1.0\;C:\WINDOWS\System32\OpenSSH\;C:\Program Files\Java\jdk1.8.0_201\jre\bin;C:\Program Files\Java\jdk1.8.0_201\bin;E:\Git\Git\cmd;C:\Program Files\nodejs\;E:\Git\bin;C:\Users\JuneLy\AppData\Local\Microsoft\WindowsApps;E:\studysoft\vscode\Microsoft VS Code\bin;C:\Users\JuneLy\AppData\Local\GitHubDesktop\bin;C:\Users\JuneLy\AppData\Roaming\npm;E:\webstorm\WebStorm 2019.3.4\bin;;E:\soft\IntelliJ IDEA 2020.2.1\bin;;C:\Users\JuneLy\AppData\Local\Microsoft\WindowsApps;;C:\Program Files\JetBrains\DataGrip 2020.2.3\bin;

Yarn version: 
  1.22.10

Node version: 
  12.13.0

Platform: 
  win32 x64

Trace: 
  Error: https://registry.yarnpkg.com/umijs: Not found
      at Request.params.callback [as _callback] (C:\Users\JuneLy\AppData\Roaming\npm\node_modules\yarn\lib\cli.js:66988:18)
      at Request.self.callback (C:\Users\JuneLy\AppData\Roaming\npm\node_modules\yarn\lib\cli.js:140662:22)
      at Request.emit (events.js:210:5)
      at Request.<anonymous> (C:\Users\JuneLy\AppData\Roaming\npm\node_modules\yarn\lib\cli.js:141634:10)
      at Request.emit (events.js:210:5)
      at IncomingMessage.<anonymous> (C:\Users\JuneLy\AppData\Roaming\npm\node_modules\yarn\lib\cli.js:141556:12)
      at Object.onceWrapper (events.js:299:28)
      at IncomingMessage.emit (events.js:215:7)
      at endReadableNT (_stream_readable.js:1183:12)
      at processTicksAndRejections (internal/process/task_queues.js:80:21)

npm manifest: 
  {
    "name": "umi-learn",
    "version": "1.0.0",
    "description": "",
    "main": "index.js",
    "scripts": {
      "test": "echo \"Error: no test specified\" && exit 1"
    },
    "author": "",
    "license": "ISC"
  }

yarn manifest: 
  No manifest

Lockfile: 
  No lockfile
